Started by user [8mha:////4HTn8uRSyro6YmxeIjZprzLIYGKm7x7O0M0UPbtEklryAAAAlx+LCAAAAAAAAP9b85aBtbiIQTGjNKU4P08vOT+vOD8nVc83PyU1x6OyILUoJzMv2y+/JJUBAhiZGBgqihhk0NSjKDWzXb3RdlLBUSYGJk8GtpzUvPSSDB8G5tKinBIGIZ+sxLJE/ZzEvHT94JKizLx0a6BxUmjGOUNodHsLgAzWEgZu/dLi1CL9xJTczDwAj6GcLcAAAAA=[0mAdmin
Running as SYSTEM
Building in workspace /var/lib/jenkins/workspace/03-projet-metrique
The recommended git tool is: NONE
No credentials specified
 > /usr/bin/git rev-parse --is-inside-work-tree # timeout=10
Fetching changes from the remote Git repository
 > /usr/bin/git config remote.origin.url https://github.com/Ms-27/Spring-Boot-Hello-World-Example # timeout=10
Fetching upstream changes from https://github.com/Ms-27/Spring-Boot-Hello-World-Example
 > /usr/bin/git --version # timeout=10
 > git --version # 'git version 2.17.1'
 > /usr/bin/git fetch --tags --progress -- https://github.com/Ms-27/Spring-Boot-Hello-World-Example +refs/heads/*:refs/remotes/origin/* # timeout=10
 > /usr/bin/git rev-parse refs/remotes/origin/master^{commit} # timeout=10
Checking out Revision f1d89dc96d0fffb2d9ca33c53165c8a5da33e90f (refs/remotes/origin/master)
 > /usr/bin/git config core.sparsecheckout # timeout=10
 > /usr/bin/git checkout -f f1d89dc96d0fffb2d9ca33c53165c8a5da33e90f # timeout=10
Commit message: "Update DemoApplication.java"
 > /usr/bin/git rev-list --no-walk f1d89dc96d0fffb2d9ca33c53165c8a5da33e90f # timeout=10
[Checks API] No suitable checks publisher found.
[03-projet-metrique] $ /usr/share/maven/bin/mvn clean compile findbugs:findbugs pmd:pmd checkstyle:checkstyle
[[1;34mINFO[m] Scanning for projects...
[[1;34mINFO[m] 
[[1;34mINFO[m] [1m--------------------------< [0;36mcom.reytech:demo[0;1m >--------------------------[m
[[1;34mINFO[m] [1mBuilding demo 0.0.1-SNAPSHOT[m
[[1;34mINFO[m] [1m--------------------------------[ jar ]---------------------------------[m
[[1;34mINFO[m] 
[[1;34mINFO[m] [1m--- [0;32mmaven-clean-plugin:3.1.0:clean[m [1m(default-clean)[m @ [36mdemo[0;1m ---[m
[[1;34mINFO[m] Deleting /var/lib/jenkins/workspace/03-projet-metrique/target
[[1;34mINFO[m] 
[[1;34mINFO[m] [1m--- [0;32mjacoco-maven-plugin:0.7.7.201606060606:prepare-agent[m [1m(default)[m @ [36mdemo[0;1m ---[m
[[1;34mINFO[m] argLine set to -javaagent:/var/lib/jenkins/.m2/repository/org/jacoco/org.jacoco.agent/0.7.7.201606060606/org.jacoco.agent-0.7.7.201606060606-runtime.jar=destfile=/var/lib/jenkins/workspace/03-projet-metrique/target/jacoco.exec
[[1;34mINFO[m] 
[[1;34mINFO[m] [1m--- [0;32mmaven-resources-plugin:3.1.0:resources[m [1m(default-resources)[m @ [36mdemo[0;1m ---[m
[[1;34mINFO[m] Using 'UTF-8' encoding to copy filtered resources.
[[1;34mINFO[m] Copying 1 resource
[[1;34mINFO[m] Copying 2 resources
[[1;34mINFO[m] 
[[1;34mINFO[m] [1m--- [0;32mmaven-compiler-plugin:3.8.1:compile[m [1m(default-compile)[m @ [36mdemo[0;1m ---[m
[[1;34mINFO[m] Changes detected - recompiling the module!
[[1;34mINFO[m] Compiling 2 source files to /var/lib/jenkins/workspace/03-projet-metrique/target/classes
[[1;34mINFO[m] -------------------------------------------------------------
[[1;31mERROR[m] COMPILATION ERROR : 
[[1;34mINFO[m] -------------------------------------------------------------
[[1;31mERROR[m] /var/lib/jenkins/workspace/03-projet-metrique/src/main/java/com/reytech/demo/DemoApplication.java:[10,50] cannot find symbol
  symbol:   class List
  location: class com.reytech.demo.DemoApplication
[[1;34mINFO[m] 1 error
[[1;34mINFO[m] -------------------------------------------------------------
[[1;34mINFO[m] [1m------------------------------------------------------------------------[m
[[1;34mINFO[m] [1;31mBUILD FAILURE[m
[[1;34mINFO[m] [1m------------------------------------------------------------------------[m
[[1;34mINFO[m] Total time:  2.946 s
[[1;34mINFO[m] Finished at: 2020-09-23T07:45:35Z
[[1;34mINFO[m] [1m------------------------------------------------------------------------[m
[[1;31mERROR[m] Failed to execute goal [32morg.apache.maven.plugins:maven-compiler-plugin:3.8.1:compile[m [1m(default-compile)[m on project [36mdemo[m: [1;31mCompilation failure[m
[[1;31mERROR[m] [1;31m/var/lib/jenkins/workspace/03-projet-metrique/src/main/java/com/reytech/demo/DemoApplication.java:[10,50] cannot find symbol[m
[[1;31mERROR[m] [1;31m  symbol:   class List[m
[[1;31mERROR[m] [1;31m  location: class com.reytech.demo.DemoApplication[m
[[1;31mERROR[m] [1;31m[m
[[1;31mERROR[m] -> [1m[Help 1][m
[[1;31mERROR[m] 
[[1;31mERROR[m] To see the full stack trace of the errors, re-run Maven with the [1m-e[m switch.
[[1;31mERROR[m] Re-run Maven using the [1m-X[m switch to enable full debug logging.
[[1;31mERROR[m] 
[[1;31mERROR[m] For more information about the errors and possible solutions, please read the following articles:
[[1;31mERROR[m] [1m[Help 1][m http://cwiki.apache.org/confluence/display/MAVEN/MojoFailureException
Build step 'Invoke top-level Maven targets' marked build as failure
[PMDCheckStyleFindBugs] Skipping execution of recorder since overall result is 'FAILURE'
[Checks API] No suitable checks publisher found.
Finished: FAILURE
