Started by user [8mha:////4HTn8uRSyro6YmxeIjZprzLIYGKm7x7O0M0UPbtEklryAAAAlx+LCAAAAAAAAP9b85aBtbiIQTGjNKU4P08vOT+vOD8nVc83PyU1x6OyILUoJzMv2y+/JJUBAhiZGBgqihhk0NSjKDWzXb3RdlLBUSYGJk8GtpzUvPSSDB8G5tKinBIGIZ+sxLJE/ZzEvHT94JKizLx0a6BxUmjGOUNodHsLgAzWEgZu/dLi1CL9xJTczDwAj6GcLcAAAAA=[0mAdmin
Running as SYSTEM
Building in workspace /var/lib/jenkins/workspace/06-projet-verify
The recommended git tool is: NONE
No credentials specified
 > /usr/bin/git rev-parse --is-inside-work-tree # timeout=10
Fetching changes from the remote Git repository
 > /usr/bin/git config remote.origin.url https://github.com/Ms-27/example-springboot-automation-test-selenium # timeout=10
Fetching upstream changes from https://github.com/Ms-27/example-springboot-automation-test-selenium
 > /usr/bin/git --version # timeout=10
 > git --version # 'git version 2.17.1'
 > /usr/bin/git fetch --tags --progress -- https://github.com/Ms-27/example-springboot-automation-test-selenium +refs/heads/*:refs/remotes/origin/* # timeout=10
 > /usr/bin/git rev-parse refs/remotes/origin/master^{commit} # timeout=10
Checking out Revision 79a12ab94c767df12c61bafc62407d17f4bfd976 (refs/remotes/origin/master)
 > /usr/bin/git config core.sparsecheckout # timeout=10
 > /usr/bin/git checkout -f 79a12ab94c767df12c61bafc62407d17f4bfd976 # timeout=10
Commit message: "Update SeleniumTest.java"
 > /usr/bin/git rev-list --no-walk 79a12ab94c767df12c61bafc62407d17f4bfd976 # timeout=10
[Checks API] No suitable checks publisher found.
[06-projet-verify] $ /bin/sh -xe /tmp/jenkins390924098741566299.sh
+ chmod +x driver/chromedriver
+ cp driver/chromedriver driver/chromedriver.exe
+ mvn clean verify surefire-reports:report-only
[[1;34mINFO[m] Scanning for projects...
Downloading from central: https://repo.maven.apache.org/maven2/org/apache/maven/plugins/maven-site-plugin/3.7.1/maven-site-plugin-3.7.1.pom
Progress (1): 1.4/19 kBProgress (1): 2.7/19 kBProgress (1): 4.1/19 kBProgress (1): 5.5/19 kBProgress (1): 6.9/19 kBProgress (1): 8.2/19 kBProgress (1): 9.6/19 kBProgress (1): 11/19 kB Progress (1): 12/19 kBProgress (1): 14/19 kBProgress (1): 15/19 kBProgress (1): 16/19 kBProgress (1): 18/19 kBProgress (1): 19/19 kBProgress (1): 19 kB                      Downloaded from central: https://repo.maven.apache.org/maven2/org/apache/maven/plugins/maven-site-plugin/3.7.1/maven-site-plugin-3.7.1.pom (19 kB at 38 kB/s)
Downloading from central: https://repo.maven.apache.org/maven2/org/apache/maven/plugins/maven-site-plugin/3.7.1/maven-site-plugin-3.7.1.jar
Progress (1): 1.4/135 kBProgress (1): 2.7/135 kBProgress (1): 4.1/135 kBProgress (1): 5.5/135 kBProgress (1): 6.9/135 kBProgress (1): 8.2/135 kBProgress (1): 9.6/135 kBProgress (1): 11/135 kB Progress (1): 12/135 kBProgress (1): 14/135 kBProgress (1): 15/135 kBProgress (1): 16/135 kBProgress (1): 18/135 kBProgress (1): 19/135 kBProgress (1): 21/135 kBProgress (1): 22/135 kBProgress (1): 23/135 kBProgress (1): 25/135 kBProgress (1): 26/135 kBProgress (1): 27/135 kBProgress (1): 29/135 kBProgress (1): 30/135 kBProgress (1): 32/135 kBProgress (1): 33/135 kBProgress (1): 34/135 kBProgress (1): 36/135 kBProgress (1): 37/135 kBProgress (1): 38/135 kBProgress (1): 40/135 kBProgress (1): 41/135 kBProgress (1): 43/135 kBProgress (1): 44/135 kBProgress (1): 45/135 kBProgress (1): 47/135 kBProgress (1): 48/135 kBProgress (1): 49/135 kBProgress (1): 51/135 kBProgress (1): 52/135 kBProgress (1): 53/135 kBProgress (1): 55/135 kBProgress (1): 56/135 kBProgress (1): 58/135 kBProgress (1): 59/135 kBProgress (1): 60/135 kBProgress (1): 62/135 kBProgress (1): 63/135 kBProgress (1): 64/135 kBProgress (1): 66/135 kBProgress (1): 67/135 kBProgress (1): 69/135 kBProgress (1): 70/135 kBProgress (1): 71/135 kBProgress (1): 73/135 kBProgress (1): 74/135 kBProgress (1): 75/135 kBProgress (1): 77/135 kBProgress (1): 78/135 kBProgress (1): 80/135 kBProgress (1): 81/135 kBProgress (1): 82/135 kBProgress (1): 84/135 kBProgress (1): 85/135 kBProgress (1): 86/135 kBProgress (1): 88/135 kBProgress (1): 89/135 kBProgress (1): 90/135 kBProgress (1): 92/135 kBProgress (1): 93/135 kBProgress (1): 95/135 kBProgress (1): 96/135 kBProgress (1): 97/135 kBProgress (1): 99/135 kBProgress (1): 100/135 kBProgress (1): 101/135 kBProgress (1): 103/135 kBProgress (1): 104/135 kBProgress (1): 106/135 kBProgress (1): 107/135 kBProgress (1): 108/135 kBProgress (1): 110/135 kBProgress (1): 111/135 kBProgress (1): 112/135 kBProgress (1): 114/135 kBProgress (1): 115/135 kBProgress (1): 117/135 kBProgress (1): 118/135 kBProgress (1): 119/135 kBProgress (1): 121/135 kBProgress (1): 122/135 kBProgress (1): 123/135 kBProgress (1): 125/135 kBProgress (1): 126/135 kBProgress (1): 128/135 kBProgress (1): 129/135 kBProgress (1): 130/135 kBProgress (1): 132/135 kBProgress (1): 133/135 kBProgress (1): 134/135 kBProgress (1): 135 kB                        Downloaded from central: https://repo.maven.apache.org/maven2/org/apache/maven/plugins/maven-site-plugin/3.7.1/maven-site-plugin-3.7.1.jar (135 kB at 950 kB/s)
Downloading from central: https://repo.maven.apache.org/maven2/org/apache/johnzon/johnzon-maven-plugin/1.1.11/johnzon-maven-plugin-1.1.11.pom
Progress (1): 1.4/3.6 kBProgress (1): 2.7/3.6 kBProgress (1): 3.6 kB                        Downloaded from central: https://repo.maven.apache.org/maven2/org/apache/johnzon/johnzon-maven-plugin/1.1.11/johnzon-maven-plugin-1.1.11.pom (3.6 kB at 128 kB/s)
Downloading from central: https://repo.maven.apache.org/maven2/org/apache/johnzon/johnzon/1.1.11/johnzon-1.1.11.pom
Progress (1): 1.4/25 kBProgress (1): 2.7/25 kBProgress (1): 4.1/25 kBProgress (1): 5.5/25 kBProgress (1): 6.9/25 kBProgress (1): 8.2/25 kBProgress (1): 9.6/25 kBProgress (1): 11/25 kB Progress (1): 12/25 kBProgress (1): 14/25 kBProgress (1): 15/25 kBProgress (1): 16/25 kBProgress (1): 18/25 kBProgress (1): 19/25 kBProgress (1): 21/25 kBProgress (1): 22/25 kBProgress (1): 23/25 kBProgress (1): 25 kB                      Downloaded from central: https://repo.maven.apache.org/maven2/org/apache/johnzon/johnzon/1.1.11/johnzon-1.1.11.pom (25 kB at 703 kB/s)
Downloading from central: https://repo.maven.apache.org/maven2/org/apache/johnzon/johnzon-maven-plugin/1.1.11/johnzon-maven-plugin-1.1.11.jar
Progress (1): 1.4/26 kBProgress (1): 2.7/26 kBProgress (1): 4.1/26 kBProgress (1): 5.5/26 kBProgress (1): 6.9/26 kBProgress (1): 8.2/26 kBProgress (1): 9.6/26 kBProgress (1): 11/26 kB Progress (1): 12/26 kBProgress (1): 14/26 kBProgress (1): 15/26 kBProgress (1): 16/26 kBProgress (1): 18/26 kBProgress (1): 19/26 kBProgress (1): 21/26 kBProgress (1): 22/26 kBProgress (1): 23/26 kBProgress (1): 25/26 kBProgress (1): 26 kB                      Downloaded from central: https://repo.maven.apache.org/maven2/org/apache/johnzon/johnzon-maven-plugin/1.1.11/johnzon-maven-plugin-1.1.11.jar (26 kB at 1.3 MB/s)
Downloading from central: https://repo.maven.apache.org/maven2/org/jetbrains/kotlin/kotlin-maven-plugin/1.2.71/kotlin-maven-plugin-1.2.71.pom
Progress (1): 4.1/6.1 kBProgress (1): 6.1 kB                        Downloaded from central: https://repo.maven.apache.org/maven2/org/jetbrains/kotlin/kotlin-maven-plugin/1.2.71/kotlin-maven-plugin-1.2.71.pom (6.1 kB at 319 kB/s)
Downloading from central: https://repo.maven.apache.org/maven2/org/jetbrains/kotlin/kotlin-project/1.2.71/kotlin-project-1.2.71.pom
Progress (1): 4.1/10 kBProgress (1): 8.2/10 kBProgress (1): 10 kB                       Downloaded from central: https://repo.maven.apache.org/maven2/org/jetbrains/kotlin/kotlin-project/1.2.71/kotlin-project-1.2.71.pom (10 kB at 477 kB/s)
Downloading from central: https://repo.maven.apache.org/maven2/org/jetbrains/kotlin/kotlin-maven-plugin/1.2.71/kotlin-maven-plugin-1.2.71.jar
Progress (1): 4.1/79 kBProgress (1): 8.2/79 kBProgress (1): 12/79 kB Progress (1): 16/79 kBProgress (1): 20/79 kBProgress (1): 25/79 kBProgress (1): 29/79 kBProgress (1): 33/79 kBProgress (1): 37/79 kBProgress (1): 41/79 kBProgress (1): 45/79 kBProgress (1): 49/79 kBProgress (1): 53/79 kBProgress (1): 57/79 kBProgress (1): 61/79 kBProgress (1): 66/79 kBProgress (1): 70/79 kBProgress (1): 74/79 kBProgress (1): 78/79 kBProgress (1): 79 kB                      Downloaded from central: https://repo.maven.apache.org/maven2/org/jetbrains/kotlin/kotlin-maven-plugin/1.2.71/kotlin-maven-plugin-1.2.71.jar (79 kB at 2.4 MB/s)
Downloading from central: https://repo.maven.apache.org/maven2/org/jooq/jooq-codegen-maven/3.11.10/jooq-codegen-maven-3.11.10.pom
Progress (1): 3.5 kB                    Downloaded from central: https://repo.maven.apache.org/maven2/org/jooq/jooq-codegen-maven/3.11.10/jooq-codegen-maven-3.11.10.pom (3.5 kB at 161 kB/s)
Downloading from central: https://repo.maven.apache.org/maven2/org/jooq/jooq-parent/3.11.10/jooq-parent-3.11.10.pom
Progress (1): 4.1/11 kBProgress (1): 8.2/11 kBProgress (1): 11 kB                       Downloaded from central: https://repo.maven.apache.org/maven2/org/jooq/jooq-parent/3.11.10/jooq-parent-3.11.10.pom (11 kB at 497 kB/s)
Downloading from central: https://repo.maven.apache.org/maven2/org/jooq/jooq-codegen-maven/3.11.10/jooq-codegen-maven-3.11.10.jar
Progress (1): 4.1/16 kBProgress (1): 8.2/16 kBProgress (1): 12/16 kB Progress (1): 16 kB                      Downloaded from central: https://repo.maven.apache.org/maven2/org/jooq/jooq-codegen-maven/3.11.10/jooq-codegen-maven-3.11.10.jar (16 kB at 522 kB/s)
Downloading from central: https://repo.maven.apache.org/maven2/org/apache/maven/plugins/maven-assembly-plugin/3.1.1/maven-assembly-plugin-3.1.1.pom
Progress (1): 4.1/15 kBProgress (1): 8.2/15 kBProgress (1): 12/15 kB Progress (1): 15 kB                      Downloaded from central: https://repo.maven.apache.org/maven2/org/apache/maven/plugins/maven-assembly-plugin/3.1.1/maven-assembly-plugin-3.1.1.pom (15 kB at 1.2 MB/s)
Downloading from central: https://repo.maven.apache.org/maven2/org/apache/maven/plugins/maven-assembly-plugin/3.1.1/maven-assembly-plugin-3.1.1.jar
Progress (1): 4.1/236 kBProgress (1): 8.2/236 kBProgress (1): 12/236 kB Progress (1): 16/236 kBProgress (1): 20/236 kBProgress (1): 25/236 kBProgress (1): 29/236 kBProgress (1): 33/236 kBProgress (1): 37/236 kBProgress (1): 41/236 kBProgress (1): 45/236 kBProgress (1): 49/236 kBProgress (1): 53/236 kBProgress (1): 57/236 kBProgress (1): 61/236 kBProgress (1): 66/236 kBProgress (1): 70/236 kBProgress (1): 74/236 kBProgress (1): 78/236 kBProgress (1): 82/236 kBProgress (1): 86/236 kBProgress (1): 90/236 kBProgress (1): 94/236 kBProgress (1): 98/236 kBProgress (1): 102/236 kBProgress (1): 106/236 kBProgress (1): 111/236 kBProgress (1): 115/236 kBProgress (1): 119/236 kBProgress (1): 123/236 kBProgress (1): 127/236 kBProgress (1): 131/236 kBProgress (1): 135/236 kBProgress (1): 139/236 kBProgress (1): 143/236 kBProgress (1): 147/236 kBProgress (1): 152/236 kBProgress (1): 156/236 kBProgress (1): 160/236 kBProgress (1): 164/236 kBProgress (1): 168/236 kBProgress (1): 172/236 kBProgress (1): 176/236 kBProgress (1): 180/236 kBProgress (1): 184/236 kBProgress (1): 188/236 kBProgress (1): 193/236 kBProgress (1): 197/236 kBProgress (1): 201/236 kBProgress (1): 205/236 kBProgress (1): 209/236 kBProgress (1): 213/236 kBProgress (1): 217/236 kBProgress (1): 221/236 kBProgress (1): 225/236 kBProgress (1): 229/236 kBProgress (1): 233/236 kBProgress (1): 236 kB                        Downloaded from central: https://repo.maven.apache.org/maven2/org/apache/maven/plugins/maven-assembly-plugin/3.1.1/maven-assembly-plugin-3.1.1.jar (236 kB at 5.4 MB/s)
Downloading from central: https://repo.maven.apache.org/maven2/org/apache/maven/plugins/maven-dependency-plugin/3.1.1/maven-dependency-plugin-3.1.1.pom
Progress (1): 4.1/15 kBProgress (1): 8.2/15 kBProgress (1): 12/15 kB Progress (1): 15 kB                      Downloaded from central: https://repo.maven.apache.org/maven2/org/apache/maven/plugins/maven-dependency-plugin/3.1.1/maven-dependency-plugin-3.1.1.pom (15 kB at 613 kB/s)
Downloading from central: https://repo.maven.apache.org/maven2/org/apache/maven/plugins/maven-dependency-plugin/3.1.1/maven-dependency-plugin-3.1.1.jar
Progress (1): 4.1/167 kBProgress (1): 8.2/167 kBProgress (1): 12/167 kB Progress (1): 16/167 kBProgress (1): 20/167 kBProgress (1): 25/167 kBProgress (1): 29/167 kBProgress (1): 33/167 kBProgress (1): 37/167 kBProgress (1): 41/167 kBProgress (1): 45/167 kBProgress (1): 49/167 kBProgress (1): 53/167 kBProgress (1): 57/167 kBProgress (1): 61/167 kBProgress (1): 66/167 kBProgress (1): 70/167 kBProgress (1): 74/167 kBProgress (1): 78/167 kBProgress (1): 82/167 kBProgress (1): 86/167 kBProgress (1): 90/167 kBProgress (1): 94/167 kBProgress (1): 98/167 kBProgress (1): 102/167 kBProgress (1): 106/167 kBProgress (1): 111/167 kBProgress (1): 115/167 kBProgress (1): 119/167 kBProgress (1): 123/167 kBProgress (1): 127/167 kBProgress (1): 131/167 kBProgress (1): 135/167 kBProgress (1): 139/167 kBProgress (1): 143/167 kBProgress (1): 147/167 kBProgress (1): 152/167 kBProgress (1): 156/167 kBProgress (1): 160/167 kBProgress (1): 164/167 kBProgress (1): 167 kB                        Downloaded from central: https://repo.maven.apache.org/maven2/org/apache/maven/plugins/maven-dependency-plugin/3.1.1/maven-dependency-plugin-3.1.1.jar (167 kB at 5.0 MB/s)
Downloading from central: https://repo.maven.apache.org/maven2/org/apache/maven/plugins/maven-enforcer-plugin/3.0.0-M2/maven-enforcer-plugin-3.0.0-M2.pom
Progress (1): 4.1/6.8 kBProgress (1): 6.8 kB                        Downloaded from central: https://repo.maven.apache.org/maven2/org/apache/maven/plugins/maven-enforcer-plugin/3.0.0-M2/maven-enforcer-plugin-3.0.0-M2.pom (6.8 kB at 236 kB/s)
Downloading from central: https://repo.maven.apache.org/maven2/org/apache/maven/enforcer/enforcer/3.0.0-M2/enforcer-3.0.0-M2.pom
Progress (1): 4.1/7.9 kBProgress (1): 7.9 kB                        Downloaded from central: https://repo.maven.apache.org/maven2/org/apache/maven/enforcer/enforcer/3.0.0-M2/enforcer-3.0.0-M2.pom (7.9 kB at 564 kB/s)
Downloading from central: https://repo.maven.apache.org/maven2/org/apache/maven/plugins/maven-enforcer-plugin/3.0.0-M2/maven-enforcer-plugin-3.0.0-M2.jar
Progress (1): 4.1/26 kBProgress (1): 8.2/26 kBProgress (1): 12/26 kB Progress (1): 16/26 kBProgress (1): 20/26 kBProgress (1): 25/26 kBProgress (1): 26 kB                      Downloaded from central: https://repo.maven.apache.org/maven2/org/apache/maven/plugins/maven-enforcer-plugin/3.0.0-M2/maven-enforcer-plugin-3.0.0-M2.jar (26 kB at 747 kB/s)
Downloading from central: https://repo.maven.apache.org/maven2/org/apache/maven/plugins/maven-failsafe-plugin/2.22.1/maven-failsafe-plugin-2.22.1.pom
Progress (1): 4.1/12 kBProgress (1): 8.2/12 kBProgress (1): 12 kB                       Downloaded from central: https://repo.maven.apache.org/maven2/org/apache/maven/plugins/maven-failsafe-plugin/2.22.1/maven-failsafe-plugin-2.22.1.pom (12 kB at 339 kB/s)
Downloading from central: https://repo.maven.apache.org/maven2/org/apache/maven/surefire/surefire/2.22.1/surefire-2.22.1.pom
Progress (1): 4.1/26 kBProgress (1): 8.2/26 kBProgress (1): 12/26 kB Progress (1): 16/26 kBProgress (1): 20/26 kBProgress (1): 25/26 kBProgress (1): 26 kB                      Downloaded from central: https://repo.maven.apache.org/maven2/org/apache/maven/surefire/surefire/2.22.1/surefire-2.22.1.pom (26 kB at 1.2 MB/s)
Downloading from central: https://repo.maven.apache.org/maven2/org/apache/maven/plugins/maven-failsafe-plugin/2.22.1/maven-failsafe-plugin-2.22.1.jar
Progress (1): 4.1/294 kBProgress (1): 8.2/294 kBProgress (1): 12/294 kB Progress (1): 16/294 kBProgress (1): 20/294 kBProgress (1): 25/294 kBProgress (1): 29/294 kBProgress (1): 33/294 kBProgress (1): 37/294 kBProgress (1): 41/294 kBProgress (1): 45/294 kBProgress (1): 49/294 kBProgress (1): 53/294 kBProgress (1): 57/294 kBProgress (1): 61/294 kBProgress (1): 66/294 kBProgress (1): 70/294 kBProgress (1): 74/294 kBProgress (1): 78/294 kBProgress (1): 82/294 kBProgress (1): 86/294 kBProgress (1): 90/294 kBProgress (1): 94/294 kBProgress (1): 98/294 kBProgress (1): 102/294 kBProgress (1): 106/294 kBProgress (1): 111/294 kBProgress (1): 115/294 kBProgress (1): 119/294 kBProgress (1): 123/294 kBProgress (1): 127/294 kBProgress (1): 131/294 kBProgress (1): 135/294 kBProgress (1): 139/294 kBProgress (1): 143/294 kBProgress (1): 147/294 kBProgress (1): 152/294 kBProgress (1): 156/294 kBProgress (1): 160/294 kBProgress (1): 164/294 kBProgress (1): 168/294 kBProgress (1): 172/294 kBProgress (1): 176/294 kBProgress (1): 180/294 kBProgress (1): 184/294 kBProgress (1): 188/294 kBProgress (1): 193/294 kBProgress (1): 197/294 kBProgress (1): 201/294 kBProgress (1): 205/294 kBProgress (1): 209/294 kBProgress (1): 213/294 kBProgress (1): 217/294 kBProgress (1): 219/294 kBProgress (1): 223/294 kBProgress (1): 227/294 kBProgress (1): 231/294 kBProgress (1): 235/294 kBProgress (1): 239/294 kBProgress (1): 243/294 kBProgress (1): 247/294 kBProgress (1): 251/294 kBProgress (1): 256/294 kBProgress (1): 260/294 kBProgress (1): 264/294 kBProgress (1): 268/294 kBProgress (1): 272/294 kBProgress (1): 276/294 kBProgress (1): 280/294 kBProgress (1): 284/294 kBProgress (1): 288/294 kBProgress (1): 292/294 kBProgress (1): 294 kB                        Downloaded from central: https://repo.maven.apache.org/maven2/org/apache/maven/plugins/maven-failsafe-plugin/2.22.1/maven-failsafe-plugin-2.22.1.jar (294 kB at 5.8 MB/s)
Downloading from central: https://repo.maven.apache.org/maven2/org/apache/maven/plugins/maven-invoker-plugin/3.1.0/maven-invoker-plugin-3.1.0.pom
Progress (1): 4.1/14 kBProgress (1): 8.2/14 kBProgress (1): 12/14 kB Progress (1): 14 kB                      Downloaded from central: https://repo.maven.apache.org/maven2/org/apache/maven/plugins/maven-invoker-plugin/3.1.0/maven-invoker-plugin-3.1.0.pom (14 kB at 914 kB/s)
Downloading from central: https://repo.maven.apache.org/maven2/org/apache/maven/plugins/maven-invoker-plugin/3.1.0/maven-invoker-plugin-3.1.0.jar
Progress (1): 4.1/115 kBProgress (1): 8.2/115 kBProgress (1): 12/115 kB Progress (1): 16/115 kBProgress (1): 20/115 kBProgress (1): 25/115 kBProgress (1): 29/115 kBProgress (1): 33/115 kBProgress (1): 37/115 kBProgress (1): 41/115 kBProgress (1): 45/115 kBProgress (1): 49/115 kBProgress (1): 53/115 kBProgress (1): 57/115 kBProgress (1): 61/115 kBProgress (1): 66/115 kBProgress (1): 70/115 kBProgress (1): 74/115 kBProgress (1): 78/115 kBProgress (1): 82/115 kBProgress (1): 86/115 kBProgress (1): 90/115 kBProgress (1): 94/115 kBProgress (1): 98/115 kBProgress (1): 102/115 kBProgress (1): 106/115 kBProgress (1): 111/115 kBProgress (1): 115/115 kBProgress (1): 115 kB                        Downloaded from central: https://repo.maven.apache.org/maven2/org/apache/maven/plugins/maven-invoker-plugin/3.1.0/maven-invoker-plugin-3.1.0.jar (115 kB at 3.8 MB/s)
Downloading from central: https://repo.maven.apache.org/maven2/org/apache/maven/plugins/maven-help-plugin/3.1.1/maven-help-plugin-3.1.1.pom
Progress (1): 4.1/9.4 kBProgress (1): 8.2/9.4 kBProgress (1): 9.4 kB                        Downloaded from central: https://repo.maven.apache.org/maven2/org/apache/maven/plugins/maven-help-plugin/3.1.1/maven-help-plugin-3.1.1.pom (9.4 kB at 553 kB/s)
Downloading from central: https://repo.maven.apache.org/maven2/org/apache/maven/plugins/maven-help-plugin/3.1.1/maven-help-plugin-3.1.1.jar
Progress (1): 4.1/64 kBProgress (1): 8.2/64 kBProgress (1): 12/64 kB Progress (1): 16/64 kBProgress (1): 20/64 kBProgress (1): 25/64 kBProgress (1): 29/64 kBProgress (1): 33/64 kBProgress (1): 37/64 kBProgress (1): 41/64 kBProgress (1): 45/64 kBProgress (1): 49/64 kBProgress (1): 53/64 kBProgress (1): 57/64 kBProgress (1): 61/64 kBProgress (1): 64 kB                      Downloaded from central: https://repo.maven.apache.org/maven2/org/apache/maven/plugins/maven-help-plugin/3.1.1/maven-help-plugin-3.1.1.jar (64 kB at 2.9 MB/s)
Downloading from central: https://repo.maven.apache.org/maven2/org/apache/maven/plugins/maven-javadoc-plugin/3.0.1/maven-javadoc-plugin-3.0.1.pom
Progress (1): 4.1/19 kBProgress (1): 8.2/19 kBProgress (1): 12/19 kB Progress (1): 16/19 kBProgress (1): 19 kB                      Downloaded from central: https://repo.maven.apache.org/maven2/org/apache/maven/plugins/maven-javadoc-plugin/3.0.1/maven-javadoc-plugin-3.0.1.pom (19 kB at 901 kB/s)
Downloading from central: https://repo.maven.apache.org/maven2/org/apache/maven/plugins/maven-javadoc-plugin/3.0.1/maven-javadoc-plugin-3.0.1.jar
Progress (1): 4.1/421 kBProgress (1): 8.2/421 kBProgress (1): 12/421 kB Progress (1): 16/421 kBProgress (1): 20/421 kBProgress (1): 25/421 kBProgress (1): 29/421 kBProgress (1): 33/421 kBProgress (1): 37/421 kBProgress (1): 41/421 kBProgress (1): 45/421 kBProgress (1): 49/421 kBProgress (1): 53/421 kBProgress (1): 57/421 kBProgress (1): 61/421 kBProgress (1): 66/421 kBProgress (1): 70/421 kBProgress (1): 74/421 kBProgress (1): 78/421 kBProgress (1): 82/421 kBProgress (1): 86/421 kBProgress (1): 90/421 kBProgress (1): 94/421 kBProgress (1): 98/421 kBProgress (1): 102/421 kBProgress (1): 106/421 kBProgress (1): 111/421 kBProgress (1): 115/421 kBProgress (1): 119/421 kBProgress (1): 123/421 kBProgress (1): 127/421 kBProgress (1): 131/421 kBProgress (1): 135/421 kBProgress (1): 139/421 kBProgress (1): 143/421 kBProgress (1): 147/421 kBProgress (1): 152/421 kBProgress (1): 156/421 kBProgress (1): 160/421 kBProgress (1): 164/421 kBProgress (1): 168/421 kBProgress (1): 172/421 kBProgress (1): 176/421 kBProgress (1): 180/421 kBProgress (1): 184/421 kBProgress (1): 188/421 kBProgress (1): 193/421 kBProgress (1): 197/421 kBProgress (1): 201/421 kBProgress (1): 205/421 kBProgress (1): 209/421 kBProgress (1): 213/421 kBProgress (1): 217/421 kBProgress (1): 221/421 kBProgress (1): 225/421 kBProgress (1): 229/421 kBProgress (1): 233/421 kBProgress (1): 238/421 kBProgress (1): 242/421 kBProgress (1): 246/421 kBProgress (1): 250/421 kBProgress (1): 254/421 kBProgress (1): 258/421 kBProgress (1): 262/421 kBProgress (1): 266/421 kBProgress (1): 270/421 kBProgress (1): 274/421 kBProgress (1): 279/421 kBProgress (1): 283/421 kBProgress (1): 287/421 kBProgress (1): 291/421 kBProgress (1): 295/421 kBProgress (1): 299/421 kBProgress (1): 303/421 kBProgress (1): 307/421 kBProgress (1): 311/421 kBProgress (1): 315/421 kBProgress (1): 319/421 kBProgress (1): 324/421 kBProgress (1): 328/421 kBProgress (1): 332/421 kBProgress (1): 336/421 kBProgress (1): 340/421 kBProgress (1): 344/421 kBProgress (1): 348/421 kBProgress (1): 352/421 kBProgress (1): 356/421 kBProgress (1): 360/421 kBProgress (1): 365/421 kBProgress (1): 369/421 kBProgress (1): 373/421 kBProgress (1): 377/421 kBProgress (1): 381/421 kBProgress (1): 385/421 kBProgress (1): 389/421 kBProgress (1): 393/421 kBProgress (1): 397/421 kBProgress (1): 401/421 kBProgress (1): 406/421 kBProgress (1): 410/421 kBProgress (1): 414/421 kBProgress (1): 418/421 kBProgress (1): 421 kB                        Downloaded from central: https://repo.maven.apache.org/maven2/org/apache/maven/plugins/maven-javadoc-plugin/3.0.1/maven-javadoc-plugin-3.0.1.jar (421 kB at 8.4 MB/s)
Downloading from central: https://repo.maven.apache.org/maven2/org/apache/maven/plugins/maven-source-plugin/3.0.1/maven-source-plugin-3.0.1.pom
Progress (1): 4.1/5.7 kBProgress (1): 5.7 kB                        Downloaded from central: https://repo.maven.apache.org/maven2/org/apache/maven/plugins/maven-source-plugin/3.0.1/maven-source-plugin-3.0.1.pom (5.7 kB at 474 kB/s)
Downloading from central: https://repo.maven.apache.org/maven2/org/apache/maven/plugins/maven-plugins/30/maven-plugins-30.pom
Progress (1): 4.1/10 kBProgress (1): 8.2/10 kBProgress (1): 10 kB                       Downloaded from central: https://repo.maven.apache.org/maven2/org/apache/maven/plugins/maven-plugins/30/maven-plugins-30.pom (10 kB at 727 kB/s)
Downloading from central: https://repo.maven.apache.org/maven2/org/apache/maven/plugins/maven-source-plugin/3.0.1/maven-source-plugin-3.0.1.jar
Progress (1): 4.1/31 kBProgress (1): 8.2/31 kBProgress (1): 12/31 kB Progress (1): 16/31 kBProgress (1): 20/31 kBProgress (1): 25/31 kBProgress (1): 29/31 kBProgress (1): 31 kB                      Downloaded from central: https://repo.maven.apache.org/maven2/org/apache/maven/plugins/maven-source-plugin/3.0.1/maven-source-plugin-3.0.1.jar (31 kB at 2.0 MB/s)
Downloading from central: https://repo.maven.apache.org/maven2/org/apache/maven/plugins/maven-surefire-plugin/2.22.1/maven-surefire-plugin-2.22.1.pom
Progress (1): 4.1/5.0 kBProgress (1): 5.0 kB                        Downloaded from central: https://repo.maven.apache.org/maven2/org/apache/maven/plugins/maven-surefire-plugin/2.22.1/maven-surefire-plugin-2.22.1.pom (5.0 kB at 384 kB/s)
Downloading from central: https://repo.maven.apache.org/maven2/org/apache/maven/plugins/maven-surefire-plugin/2.22.1/maven-surefire-plugin-2.22.1.jar
Progress (1): 4.1/41 kBProgress (1): 8.2/41 kBProgress (1): 12/41 kB Progress (1): 16/41 kBProgress (1): 20/41 kBProgress (1): 25/41 kBProgress (1): 29/41 kBProgress (1): 33/41 kBProgress (1): 37/41 kBProgress (1): 41 kB                      Downloaded from central: https://repo.maven.apache.org/maven2/org/apache/maven/plugins/maven-surefire-plugin/2.22.1/maven-surefire-plugin-2.22.1.jar (41 kB at 1.7 MB/s)
Downloading from central: https://repo.maven.apache.org/maven2/org/apache/maven/plugins/maven-war-plugin/3.2.2/maven-war-plugin-3.2.2.pom
Progress (1): 4.1/9.7 kBProgress (1): 8.2/9.7 kBProgress (1): 9.7 kB                        Downloaded from central: https://repo.maven.apache.org/maven2/org/apache/maven/plugins/maven-war-plugin/3.2.2/maven-war-plugin-3.2.2.pom (9.7 kB at 694 kB/s)
Downloading from central: https://repo.maven.apache.org/maven2/org/apache/maven/plugins/maven-war-plugin/3.2.2/maven-war-plugin-3.2.2.jar
Progress (1): 4.1/91 kBProgress (1): 8.2/91 kBProgress (1): 12/91 kB Progress (1): 16/91 kBProgress (1): 20/91 kBProgress (1): 25/91 kBProgress (1): 29/91 kBProgress (1): 33/91 kBProgress (1): 37/91 kBProgress (1): 41/91 kBProgress (1): 45/91 kBProgress (1): 49/91 kBProgress (1): 53/91 kBProgress (1): 57/91 kBProgress (1): 61/91 kBProgress (1): 66/91 kBProgress (1): 70/91 kBProgress (1): 74/91 kBProgress (1): 78/91 kBProgress (1): 82/91 kBProgress (1): 86/91 kBProgress (1): 90/91 kBProgress (1): 91 kB                      Downloaded from central: https://repo.maven.apache.org/maven2/org/apache/maven/plugins/maven-war-plugin/3.2.2/maven-war-plugin-3.2.2.jar (91 kB at 4.1 MB/s)
Downloading from central: https://repo.maven.apache.org/maven2/org/codehaus/mojo/build-helper-maven-plugin/3.0.0/build-helper-maven-plugin-3.0.0.pom
Progress (1): 4.1/5.8 kBProgress (1): 5.8 kB                        Downloaded from central: https://repo.maven.apache.org/maven2/org/codehaus/mojo/build-helper-maven-plugin/3.0.0/build-helper-maven-plugin-3.0.0.pom (5.8 kB at 385 kB/s)
Downloading from central: https://repo.maven.apache.org/maven2/org/codehaus/mojo/build-helper-maven-plugin/3.0.0/build-helper-maven-plugin-3.0.0.jar
Progress (1): 4.1/64 kBProgress (1): 8.2/64 kBProgress (1): 12/64 kB Progress (1): 16/64 kBProgress (1): 20/64 kBProgress (1): 25/64 kBProgress (1): 29/64 kBProgress (1): 33/64 kBProgress (1): 37/64 kBProgress (1): 41/64 kBProgress (1): 45/64 kBProgress (1): 49/64 kBProgress (1): 53/64 kBProgress (1): 57/64 kBProgress (1): 61/64 kBProgress (1): 64 kB                      Downloaded from central: https://repo.maven.apache.org/maven2/org/codehaus/mojo/build-helper-maven-plugin/3.0.0/build-helper-maven-plugin-3.0.0.jar (64 kB at 3.6 MB/s)
Downloading from central: https://repo.maven.apache.org/maven2/org/codehaus/mojo/flatten-maven-plugin/1.0.1/flatten-maven-plugin-1.0.1.pom
Progress (1): 4.1/9.8 kBProgress (1): 8.2/9.8 kBProgress (1): 9.8 kB                        Downloaded from central: https://repo.maven.apache.org/maven2/org/codehaus/mojo/flatten-maven-plugin/1.0.1/flatten-maven-plugin-1.0.1.pom (9.8 kB at 697 kB/s)
Downloading from central: https://repo.maven.apache.org/maven2/org/codehaus/mojo/flatten-maven-plugin/1.0.1/flatten-maven-plugin-1.0.1.jar
Progress (1): 4.1/75 kBProgress (1): 8.2/75 kBProgress (1): 12/75 kB Progress (1): 16/75 kBProgress (1): 20/75 kBProgress (1): 25/75 kBProgress (1): 29/75 kBProgress (1): 33/75 kBProgress (1): 37/75 kBProgress (1): 41/75 kBProgress (1): 45/75 kBProgress (1): 49/75 kBProgress (1): 53/75 kBProgress (1): 57/75 kBProgress (1): 61/75 kBProgress (1): 66/75 kBProgress (1): 70/75 kBProgress (1): 74/75 kBProgress (1): 75 kB                      Downloaded from central: https://repo.maven.apache.org/maven2/org/codehaus/mojo/flatten-maven-plugin/1.0.1/flatten-maven-plugin-1.0.1.jar (75 kB at 3.6 MB/s)
Downloading from central: https://repo.maven.apache.org/maven2/org/flywaydb/flyway-maven-plugin/5.2.4/flyway-maven-plugin-5.2.4.pom
Progress (1): 4.1/4.5 kBProgress (1): 4.5 kB                        Downloaded from central: https://repo.maven.apache.org/maven2/org/flywaydb/flyway-maven-plugin/5.2.4/flyway-maven-plugin-5.2.4.pom (4.5 kB at 205 kB/s)
Downloading from central: https://repo.maven.apache.org/maven2/org/flywaydb/flyway-parent/5.2.4/flyway-parent-5.2.4.pom
Progress (1): 4.1/22 kBProgress (1): 8.2/22 kBProgress (1): 12/22 kB Progress (1): 16/22 kBProgress (1): 20/22 kBProgress (1): 22 kB                      Downloaded from central: https://repo.maven.apache.org/maven2/org/flywaydb/flyway-parent/5.2.4/flyway-parent-5.2.4.pom (22 kB at 1.4 MB/s)
Downloading from central: https://repo.maven.apache.org/maven2/org/flywaydb/flyway-maven-plugin/5.2.4/flyway-maven-plugin-5.2.4.jar
Progress (1): 4.1/101 kBProgress (1): 8.2/101 kBProgress (1): 12/101 kB Progress (1): 16/101 kBProgress (1): 20/101 kBProgress (1): 25/101 kBProgress (1): 29/101 kBProgress (1): 33/101 kBProgress (1): 37/101 kBProgress (1): 41/101 kBProgress (1): 45/101 kBProgress (1): 49/101 kBProgress (1): 53/101 kBProgress (1): 57/101 kBProgress (1): 61/101 kBProgress (1): 66/101 kBProgress (1): 70/101 kBProgress (1): 74/101 kBProgress (1): 78/101 kBProgress (1): 82/101 kBProgress (1): 86/101 kBProgress (1): 90/101 kBProgress (1): 94/101 kBProgress (1): 98/101 kBProgress (1): 101 kB                       Downloaded from central: https://repo.maven.apache.org/maven2/org/flywaydb/flyway-maven-plugin/5.2.4/flyway-maven-plugin-5.2.4.jar (101 kB at 2.5 MB/s)
Downloading from central: https://repo.maven.apache.org/maven2/org/infinispan/infinispan-protocol-parser-generator-maven-plugin/9.4.11.Final/infinispan-protocol-parser-generator-maven-plugin-9.4.11.Final.pom
Progress (1): 2.0 kB                    Downloaded from central: https://repo.maven.apache.org/maven2/org/infinispan/infinispan-protocol-parser-generator-maven-plugin/9.4.11.Final/infinispan-protocol-parser-generator-maven-plugin-9.4.11.Final.pom (2.0 kB at 123 kB/s)
Downloading from central: https://repo.maven.apache.org/maven2/org/infinispan/infinispan-parent/9.4.11.Final/infinispan-parent-9.4.11.Final.pom
Progress (1): 4.1/294 kBProgress (1): 8.2/294 kBProgress (1): 12/294 kB Progress (1): 16/294 kBProgress (1): 20/294 kBProgress (1): 25/294 kBProgress (1): 29/294 kBProgress (1): 33/294 kBProgress (1): 37/294 kBProgress (1): 41/294 kBProgress (1): 45/294 kBProgress (1): 49/294 kBProgress (1): 53/294 kBProgress (1): 57/294 kBProgress (1): 61/294 kBProgress (1): 66/294 kBProgress (1): 70/294 kBProgress (1): 74/294 kBProgress (1): 78/294 kBProgress (1): 82/294 kBProgress (1): 86/294 kBProgress (1): 90/294 kBProgress (1): 94/294 kBProgress (1): 98/294 kBProgress (1): 102/294 kBProgress (1): 106/294 kBProgress (1): 111/294 kBProgress (1): 115/294 kBProgress (1): 119/294 kBProgress (1): 123/294 kBProgress (1): 127/294 kBProgress (1): 131/294 kBProgress (1): 135/294 kBProgress (1): 139/294 kBProgress (1): 143/294 kBProgress (1): 147/294 kBProgress (1): 152/294 kBProgress (1): 156/294 kBProgress (1): 160/294 kBProgress (1): 164/294 kBProgress (1): 168/294 kBProgress (1): 172/294 kBProgress (1): 176/294 kBProgress (1): 180/294 kBProgress (1): 184/294 kBProgress (1): 188/294 kBProgress (1): 193/294 kBProgress (1): 197/294 kBProgress (1): 201/294 kBProgress (1): 205/294 kBProgress (1): 209/294 kBProgress (1): 213/294 kBProgress (1): 217/294 kBProgress (1): 221/294 kBProgress (1): 225/294 kBProgress (1): 229/294 kBProgress (1): 233/294 kBProgress (1): 238/294 kBProgress (1): 242/294 kBProgress (1): 246/294 kBProgress (1): 250/294 kBProgress (1): 254/294 kBProgress (1): 258/294 kBProgress (1): 262/294 kBProgress (1): 266/294 kBProgress (1): 270/294 kBProgress (1): 274/294 kBProgress (1): 279/294 kBProgress (1): 283/294 kBProgress (1): 287/294 kBProgress (1): 291/294 kBProgress (1): 294 kB                        Downloaded from central: https://repo.maven.apache.org/maven2/org/infinispan/infinispan-parent/9.4.11.Final/infinispan-parent-9.4.11.Final.pom (294 kB at 7.0 MB/s)
Downloading from central: https://repo.maven.apache.org/maven2/org/infinispan/infinispan-build-configuration-parent/9.4.11.Final/infinispan-build-configuration-parent-9.4.11.Final.pom
Progress (1): 4.1/15 kBProgress (1): 8.2/15 kBProgress (1): 12/15 kB Progress (1): 15 kB                      Downloaded from central: https://repo.maven.apache.org/maven2/org/infinispan/infinispan-build-configuration-parent/9.4.11.Final/infinispan-build-configuration-parent-9.4.11.Final.pom (15 kB at 1.0 MB/s)
Downloading from central: https://repo.maven.apache.org/maven2/org/infinispan/infinispan-bom/9.4.11.Final/infinispan-bom-9.4.11.Final.pom
Progress (1): 4.1/23 kBProgress (1): 8.2/23 kBProgress (1): 12/23 kB Progress (1): 16/23 kBProgress (1): 20/23 kBProgress (1): 23 kB                      Downloaded from central: https://repo.maven.apache.org/maven2/org/infinispan/infinispan-bom/9.4.11.Final/infinispan-bom-9.4.11.Final.pom (23 kB at 2.0 MB/s)
Downloading from central: https://repo.maven.apache.org/maven2/org/infinispan/infinispan-protocol-parser-generator-maven-plugin/9.4.11.Final/infinispan-protocol-parser-generator-maven-plugin-9.4.11.Final.jar
Progress (1): 4.1/52 kBProgress (1): 8.2/52 kBProgress (1): 12/52 kB Progress (1): 16/52 kBProgress (1): 20/52 kBProgress (1): 25/52 kBProgress (1): 29/52 kBProgress (1): 33/52 kBProgress (1): 37/52 kBProgress (1): 41/52 kBProgress (1): 45/52 kBProgress (1): 49/52 kBProgress (1): 52 kB                      Downloaded from central: https://repo.maven.apache.org/maven2/org/infinispan/infinispan-protocol-parser-generator-maven-plugin/9.4.11.Final/infinispan-protocol-parser-generator-maven-plugin-9.4.11.Final.jar (52 kB at 2.3 MB/s)
Downloading from central: https://repo.maven.apache.org/maven2/pl/project13/maven/git-commit-id-plugin/2.2.6/git-commit-id-plugin-2.2.6.pom
Progress (1): 4.1/16 kBProgress (1): 8.2/16 kBProgress (1): 12/16 kB Progress (1): 16/16 kBProgress (1): 16 kB                      Downloaded from central: https://repo.maven.apache.org/maven2/pl/project13/maven/git-commit-id-plugin/2.2.6/git-commit-id-plugin-2.2.6.pom (16 kB at 1.0 MB/s)
Downloading from central: https://repo.maven.apache.org/maven2/pl/project13/maven/git-commit-id-plugin/2.2.6/git-commit-id-plugin-2.2.6.jar
Progress (1): 4.1/109 kBProgress (1): 8.2/109 kBProgress (1): 12/109 kB Progress (1): 16/109 kBProgress (1): 20/109 kBProgress (1): 25/109 kBProgress (1): 29/109 kBProgress (1): 33/109 kBProgress (1): 37/109 kBProgress (1): 41/109 kBProgress (1): 45/109 kBProgress (1): 49/109 kBProgress (1): 53/109 kBProgress (1): 57/109 kBProgress (1): 61/109 kBProgress (1): 66/109 kBProgress (1): 70/109 kBProgress (1): 74/109 kBProgress (1): 78/109 kBProgress (1): 82/109 kBProgress (1): 86/109 kBProgress (1): 90/109 kBProgress (1): 94/109 kBProgress (1): 98/109 kBProgress (1): 102/109 kBProgress (1): 106/109 kBProgress (1): 109 kB                        Downloaded from central: https://repo.maven.apache.org/maven2/pl/project13/maven/git-commit-id-plugin/2.2.6/git-commit-id-plugin-2.2.6.jar (109 kB at 4.3 MB/s)
Downloading from central: https://repo.maven.apache.org/maven2/org/eclipse/m2e/lifecycle-mapping/1.0.0/lifecycle-mapping-1.0.0.pom
[[1;33mWARNING[m] The POM for org.eclipse.m2e:lifecycle-mapping:jar:1.0.0 is missing, no dependency information available
Downloading from central: https://repo.maven.apache.org/maven2/org/eclipse/m2e/lifecycle-mapping/1.0.0/lifecycle-mapping-1.0.0.jar
[[1;33mWARNING[m] Failed to retrieve plugin descriptor for org.eclipse.m2e:lifecycle-mapping:1.0.0: Plugin org.eclipse.m2e:lifecycle-mapping:1.0.0 or one of its dependencies could not be resolved: Could not find artifact org.eclipse.m2e:lifecycle-mapping:jar:1.0.0 in central (https://repo.maven.apache.org/maven2)
Downloading from central: https://repo.maven.apache.org/maven2/org/apache/maven/plugins/maven-metadata.xml
Downloading from central: https://repo.maven.apache.org/maven2/org/codehaus/mojo/maven-metadata.xml
Progress (1): 1.4/20 kBProgress (1): 2.7/20 kBProgress (1): 4.1/20 kBProgress (1): 5.5/20 kBProgress (1): 6.9/20 kBProgress (1): 8.2/20 kBProgress (1): 9.6/20 kBProgress (2): 9.6/20 kB | 1.4/14 kBProgress (2): 9.6/20 kB | 2.7/14 kBProgress (2): 9.6/20 kB | 4.1/14 kBProgress (2): 9.6/20 kB | 5.5/14 kBProgress (2): 9.6/20 kB | 6.9/14 kBProgress (2): 9.6/20 kB | 8.2/14 kBProgress (2): 9.6/20 kB | 9.6/14 kBProgress (2): 11/20 kB | 9.6/14 kB Progress (2): 12/20 kB | 9.6/14 kBProgress (2): 14/20 kB | 9.6/14 kBProgress (2): 15/20 kB | 9.6/14 kBProgress (2): 16/20 kB | 9.6/14 kBProgress (2): 18/20 kB | 9.6/14 kBProgress (2): 19/20 kB | 9.6/14 kBProgress (2): 20 kB | 9.6/14 kB   Progress (2): 20 kB | 11/14 kB Progress (2): 20 kB | 12/14 kBProgress (2): 20 kB | 14/14 kBProgress (2): 20 kB | 14 kB                              Downloaded from central: https://repo.maven.apache.org/maven2/org/codehaus/mojo/maven-metadata.xml (20 kB at 394 kB/s)
Downloaded from central: https://repo.maven.apache.org/maven2/org/apache/maven/plugins/maven-metadata.xml (14 kB at 250 kB/s)
[[1;34mINFO[m] [1m------------------------------------------------------------------------[m
[[1;34mINFO[m] [1;31mBUILD FAILURE[m
[[1;34mINFO[m] [1m------------------------------------------------------------------------[m
[[1;34mINFO[m] Total time:  3.462 s
[[1;34mINFO[m] Finished at: 2020-09-25T12:32:35Z
[[1;34mINFO[m] [1m------------------------------------------------------------------------[m
[[1;31mERROR[m] No plugin found for prefix 'surefire-reports' in the current project and in the plugin groups [org.apache.maven.plugins, org.codehaus.mojo] available from the repositories [local (/var/lib/jenkins/.m2/repository), central (https://repo.maven.apache.org/maven2)] -> [1m[Help 1][m
[[1;31mERROR[m] 
[[1;31mERROR[m] To see the full stack trace of the errors, re-run Maven with the [1m-e[m switch.
[[1;31mERROR[m] Re-run Maven using the [1m-X[m switch to enable full debug logging.
[[1;31mERROR[m] 
[[1;31mERROR[m] For more information about the errors and possible solutions, please read the following articles:
[[1;31mERROR[m] [1m[Help 1][m http://cwiki.apache.org/confluence/display/MAVEN/NoPluginFoundForPrefixException
Build step 'Execute shell' marked build as failure
[htmlpublisher] Archiving HTML reports...
[htmlpublisher] Archiving at PROJECT level /var/lib/jenkins/workspace/06-projet-verify/target/site to /var/lib/jenkins/jobs/06-projet-verify/htmlreports/HTML_20Report
ERROR: Specified HTML directory '/var/lib/jenkins/workspace/06-projet-verify/target/site' does not exist.
Recording test results
ERROR: Step â€˜Publish JUnit test result reportâ€™ failed: Test reports were found but none of them are new. Did leafNodes run? 
For example, /var/lib/jenkins/workspace/06-projet-verify/target/surefire-reports/TEST-me.arndc.example.testing.automation.SeleniumTest.xml is 2 min 24 sec old

[Checks API] No suitable checks publisher found.
Finished: FAILURE
